<?xml version="1.0" encoding="UTF-8"?>
<!-- Generated by org.testng.reporters.JUnitReportReporter -->
<testsuite hostname="LAPTOP-DRUEEPMS" failures="0" tests="1" name="mobiletesting.Calculator" time="11.845" errors="0" timestamp="2023-01-23T16:38:52 PST" skipped="0">
  <testcase classname="mobiletesting.Calculator" name="test1" time="11.845"/>
  <system-out/>
</testsuite> <!-- mobiletesting.Calculator -->
