<?xml version="1.0" encoding="UTF-8"?>
<!-- Generated by org.testng.reporters.JUnitReportReporter -->
<testsuite hostname="LAPTOP-DRUEEPMS" failures="0" tests="1" name="mobiletesting.khan_academy" time="152.933" errors="0" timestamp="2023-01-24T11:16:27 PST" skipped="0">
  <testcase classname="mobiletesting.khan_academy" name="f" time="152.933"/>
  <system-out/>
</testsuite> <!-- mobiletesting.khan_academy -->
