<?xml version="1.0" encoding="UTF-8"?>
<!-- Generated by org.testng.reporters.JUnitReportReporter -->
<testsuite hostname="LAPTOP-DRUEEPMS" failures="0" tests="1" name="mobiletesting.Demo1" time="37.668" errors="0" timestamp="2023-01-19T14:56:08 PST" skipped="0">
  <testcase classname="mobiletesting.Demo1" name="demo" time="37.668"/>
  <system-out/>
</testsuite> <!-- mobiletesting.Demo1 -->
