<?xml version="1.0" encoding="UTF-8"?>
<!-- Generated by org.testng.reporters.JUnitReportReporter -->
<testsuite hostname="LAPTOP-DRUEEPMS" failures="0" tests="1" name="mobiletesting.Hybridtest" time="50.771" errors="0" timestamp="2023-01-23T20:20:12 PST" skipped="0">
  <testcase classname="mobiletesting.Hybridtest" name="test1" time="50.771"/>
  <system-out/>
</testsuite> <!-- mobiletesting.Hybridtest -->
